2019-10-04 21:47:18 [ThreadId 11] ERROR phoityne - [WARN] pause command is not supported. ignored.
2019-10-04 21:47:18 [ThreadId 11] ERROR phoityne - [deleteBreakPointOnGHCi] <file descriptor: 50>: hPutChar: resource vanished (Broken pipe) BreakPointData {nameBreakPointData = "Parser", srcPosBreakPointData = SourcePosition {filePathSourcePosition = "/Users/andre/projects2019/guava/src/Parser.hs", startLineNoSourcePosition = 164, startColNoSourcePosition = 13, endLineNoSourcePosition = 166, endColNoSourcePosition = 32}, breakNoBreakPointData = Just 0, conditionBreakPointData = Nothing, hitConditionBreakPointData = Nothing, hitCountBreakPointData = 1}
2019-10-04 21:47:18 [ThreadId 11] ERROR phoityne - [deleteBreakPointOnGHCi] invalid delete break point. BreakPointData {nameBreakPointData = "Parser", srcPosBreakPointData = SourcePosition {filePathSourcePosition = "/Users/andre/projects2019/guava/src/Parser.hs", startLineNoSourcePosition = 164, startColNoSourcePosition = -1, endLineNoSourcePosition = -1, endColNoSourcePosition = -1}, breakNoBreakPointData = Nothing, conditionBreakPointData = Nothing, hitConditionBreakPointData = Nothing, hitCountBreakPointData = 0}
2019-10-04 21:47:18 [ThreadId 11] ERROR phoityne - [deleteBreakPointOnGHCi] invalid delete break point. BreakPointData {nameBreakPointData = "Parser", srcPosBreakPointData = SourcePosition {filePathSourcePosition = "/Users/andre/projects2019/guava/src/Parser.hs", startLineNoSourcePosition = 162, startColNoSourcePosition = -1, endLineNoSourcePosition = -1, endColNoSourcePosition = -1}, breakNoBreakPointData = Nothing, conditionBreakPointData = Nothing, hitConditionBreakPointData = Nothing, hitCountBreakPointData = 0}
2019-10-04 21:47:18 [ThreadId 11] ERROR phoityne - "<file descriptor: 50>: hPutChar: resource vanished (Broken pipe)"
2019-10-04 21:47:18 [ThreadId 11] ERROR phoityne - H>>= exit
"<file descriptor: 50>: hPutChar: resource vanished (Broken pipe)"
2019-10-04 21:47:18 [ThreadId 11] ERROR phoityne - [disconnectRequestHandler] ghci quit error. <file descriptor: 50>: hPutChar: resource vanished (Broken pipe)
2019-10-04 21:54:48 [ThreadId 11] ERROR phoityne - [deleteBreakPointOnGHCi] <file descriptor: 50>: hPutChar: resource vanished (Broken pipe) BreakPointData {nameBreakPointData = "Parser", srcPosBreakPointData = SourcePosition {filePathSourcePosition = "/Users/andre/projects2019/guava/src/Parser.hs", startLineNoSourcePosition = 179, startColNoSourcePosition = 14, endLineNoSourcePosition = 179, endColNoSourcePosition = 45}, breakNoBreakPointData = Just 0, conditionBreakPointData = Nothing, hitConditionBreakPointData = Nothing, hitCountBreakPointData = 1}
2019-10-04 21:54:48 [ThreadId 11] ERROR phoityne - "<file descriptor: 50>: hPutChar: resource vanished (Broken pipe)"
2019-10-04 21:54:48 [ThreadId 11] ERROR phoityne - "<file descriptor: 50>: hPutChar: resource vanished (Broken pipe)"
2019-10-04 21:54:48 [ThreadId 11] ERROR phoityne - H>>= exzit
"<file descriptor: 50>: hPutChar: resource vanished (Broken pipe)"
2019-10-04 21:54:48 [ThreadId 11] ERROR phoityne - "<file descriptor: 50>: hPutChar: resource vanished (Broken pipe)"
2019-10-04 21:54:48 [ThreadId 11] ERROR phoityne - "<file descriptor: 50>: hPutChar: resource vanished (Broken pipe)"
2019-10-04 21:54:48 [ThreadId 11] ERROR phoityne - H>>= exit
"<file descriptor: 50>: hPutChar: resource vanished (Broken pipe)"
2019-10-04 21:54:48 [ThreadId 11] ERROR phoityne - [disconnectRequestHandler] ghci quit error. <file descriptor: 50>: hPutChar: resource vanished (Broken pipe)
2019-10-04 22:31:01 [ThreadId 11] ERROR phoityne - [deleteBreakPointOnGHCi] invalid delete break point. BreakPointData {nameBreakPointData = "Parser", srcPosBreakPointData = SourcePosition {filePathSourcePosition = "/Users/andre/projects2019/guava/src/Parser.hs", startLineNoSourcePosition = 170, startColNoSourcePosition = -1, endLineNoSourcePosition = -1, endColNoSourcePosition = -1}, breakNoBreakPointData = Nothing, conditionBreakPointData = Nothing, hitConditionBreakPointData = Nothing, hitCountBreakPointData = 0}
2019-10-04 22:31:05 [ThreadId 11] ERROR phoityne - [deleteBreakPointOnGHCi] invalid delete break point. BreakPointData {nameBreakPointData = "Parser", srcPosBreakPointData = SourcePosition {filePathSourcePosition = "/Users/andre/projects2019/guava/src/Parser.hs", startLineNoSourcePosition = 170, startColNoSourcePosition = -1, endLineNoSourcePosition = -1, endColNoSourcePosition = -1}, breakNoBreakPointData = Nothing, conditionBreakPointData = Nothing, hitConditionBreakPointData = Nothing, hitCountBreakPointData = 0}
2019-10-04 22:31:05 [ThreadId 11] ERROR phoityne - [deleteBreakPointOnGHCi] invalid delete break point. BreakPointData {nameBreakPointData = "Parser", srcPosBreakPointData = SourcePosition {filePathSourcePosition = "/Users/andre/projects2019/guava/src/Parser.hs", startLineNoSourcePosition = 175, startColNoSourcePosition = -1, endLineNoSourcePosition = -1, endColNoSourcePosition = -1}, breakNoBreakPointData = Nothing, conditionBreakPointData = Nothing, hitConditionBreakPointData = Nothing, hitCountBreakPointData = 0}
2019-10-04 22:31:06 [ThreadId 11] ERROR phoityne - [deleteBreakPointOnGHCi] invalid delete break point. BreakPointData {nameBreakPointData = "Parser", srcPosBreakPointData = SourcePosition {filePathSourcePosition = "/Users/andre/projects2019/guava/src/Parser.hs", startLineNoSourcePosition = 170, startColNoSourcePosition = -1, endLineNoSourcePosition = -1, endColNoSourcePosition = -1}, breakNoBreakPointData = Nothing, conditionBreakPointData = Nothing, hitConditionBreakPointData = Nothing, hitCountBreakPointData = 0}
2019-10-04 22:31:08 [ThreadId 11] ERROR phoityne - [deleteBreakPointOnGHCi] invalid delete break point. BreakPointData {nameBreakPointData = "Parser", srcPosBreakPointData = SourcePosition {filePathSourcePosition = "/Users/andre/projects2019/guava/src/Parser.hs", startLineNoSourcePosition = 170, startColNoSourcePosition = -1, endLineNoSourcePosition = -1, endColNoSourcePosition = -1}, breakNoBreakPointData = Nothing, conditionBreakPointData = Nothing, hitConditionBreakPointData = Nothing, hitCountBreakPointData = 0}
2019-10-04 22:50:33 [ThreadId 11] ERROR phoityne - "error: Empty 'do' block"
2019-10-04 23:43:31 [ThreadId 11] ERROR phoityne - [deleteBreakPointOnGHCi] invalid delete break point. BreakPointData {nameBreakPointData = "Parser", srcPosBreakPointData = SourcePosition {filePathSourcePosition = "/Users/andre/projects2019/guava/src/Parser.hs", startLineNoSourcePosition = 171, startColNoSourcePosition = -1, endLineNoSourcePosition = -1, endColNoSourcePosition = -1}, breakNoBreakPointData = Nothing, conditionBreakPointData = Nothing, hitConditionBreakPointData = Nothing, hitCountBreakPointData = 0}
2019-10-04 23:43:31 [ThreadId 11] ERROR phoityne - [deleteBreakPointOnGHCi] invalid delete break point. BreakPointData {nameBreakPointData = "Parser", srcPosBreakPointData = SourcePosition {filePathSourcePosition = "/Users/andre/projects2019/guava/src/Parser.hs", startLineNoSourcePosition = 171, startColNoSourcePosition = -1, endLineNoSourcePosition = -1, endColNoSourcePosition = -1}, breakNoBreakPointData = Nothing, conditionBreakPointData = Nothing, hitConditionBreakPointData = Nothing, hitCountBreakPointData = 0}
2019-10-04 23:43:31 [ThreadId 11] ERROR phoityne - [deleteBreakPointOnGHCi] invalid delete break point. BreakPointData {nameBreakPointData = "Parser", srcPosBreakPointData = SourcePosition {filePathSourcePosition = "/Users/andre/projects2019/guava/src/Parser.hs", startLineNoSourcePosition = 171, startColNoSourcePosition = -1, endLineNoSourcePosition = -1, endColNoSourcePosition = -1}, breakNoBreakPointData = Nothing, conditionBreakPointData = Nothing, hitConditionBreakPointData = Nothing, hitCountBreakPointData = 0}
2019-10-04 23:43:31 [ThreadId 11] ERROR phoityne - [deleteBreakPointOnGHCi] invalid delete break point. BreakPointData {nameBreakPointData = "Parser", srcPosBreakPointData = SourcePosition {filePathSourcePosition = "/Users/andre/projects2019/guava/src/Parser.hs", startLineNoSourcePosition = 172, startColNoSourcePosition = -1, endLineNoSourcePosition = -1, endColNoSourcePosition = -1}, breakNoBreakPointData = Nothing, conditionBreakPointData = Nothing, hitConditionBreakPointData = Nothing, hitCountBreakPointData = 0}
2019-10-04 23:43:31 [ThreadId 11] ERROR phoityne - [disconnectRequestHandler] ghci quit error. <file descriptor: 50>: hPutChar: resource vanished (Broken pipe)
2019-10-04 23:43:40 [ThreadId 11] ERROR phoityne - [deleteBreakPointOnGHCi] invalid delete break point. BreakPointData {nameBreakPointData = "Parser", srcPosBreakPointData = SourcePosition {filePathSourcePosition = "/Users/andre/projects2019/guava/src/Parser.hs", startLineNoSourcePosition = 171, startColNoSourcePosition = -1, endLineNoSourcePosition = -1, endColNoSourcePosition = -1}, breakNoBreakPointData = Nothing, conditionBreakPointData = Nothing, hitConditionBreakPointData = Nothing, hitCountBreakPointData = 0}
2019-10-04 23:43:40 [ThreadId 11] ERROR phoityne - [disconnectRequestHandler] ghci quit error. <file descriptor: 50>: hPutChar: resource vanished (Broken pipe)
2019-10-04 23:43:52 [ThreadId 11] ERROR phoityne - [deleteBreakPointOnGHCi] <file descriptor: 50>: hPutChar: resource vanished (Broken pipe) BreakPointData {nameBreakPointData = "Parser", srcPosBreakPointData = SourcePosition {filePathSourcePosition = "/Users/andre/projects2019/guava/src/Parser.hs", startLineNoSourcePosition = 175, startColNoSourcePosition = 43, endLineNoSourcePosition = 175, endColNoSourcePosition = 66}, breakNoBreakPointData = Just 3, conditionBreakPointData = Nothing, hitConditionBreakPointData = Nothing, hitCountBreakPointData = 0}
2019-10-04 23:43:52 [ThreadId 11] ERROR phoityne - [disconnectRequestHandler] ghci quit error. <file descriptor: 50>: hPutChar: resource vanished (Broken pipe)
2019-10-05 14:11:37 [ThreadId 11] ERROR phoityne - [disconnectRequestHandler] ghci quit error. <file descriptor: 50>: hPutChar: resource vanished (Broken pipe)
2019-10-05 14:17:00 [ThreadId 11] ERROR phoityne - [deleteBreakPointOnGHCi] <file descriptor: 50>: hPutChar: resource vanished (Broken pipe) BreakPointData {nameBreakPointData = "Lexer", srcPosBreakPointData = SourcePosition {filePathSourcePosition = "/Users/andre/projects2019/guava/src/Lexer.hs", startLineNoSourcePosition = 39, startColNoSourcePosition = 14, endLineNoSourcePosition = 39, endColNoSourcePosition = 36}, breakNoBreakPointData = Just 0, conditionBreakPointData = Nothing, hitConditionBreakPointData = Nothing, hitCountBreakPointData = 1}
2019-10-05 14:17:00 [ThreadId 11] ERROR phoityne - [disconnectRequestHandler] ghci quit error. <file descriptor: 50>: hPutChar: resource vanished (Broken pipe)
2019-10-05 14:20:46 [ThreadId 11] ERROR phoityne - "\"extractSourcePosition\" (line 1, column 1):\nunexpected end of input\nexpecting \"Stopped at \" or \"Stopped in \" [INPUT]"
2019-10-05 14:20:46 [ThreadId 11] ERROR phoityne - "<file descriptor: 50>: hPutChar: resource vanished (Broken pipe)"
2019-10-05 14:20:46 [ThreadId 11] ERROR phoityne - "<file descriptor: 50>: hPutChar: resource vanished (Broken pipe)"
2019-10-05 14:20:46 [ThreadId 11] ERROR phoityne - [WARN] stepOut command is not supported. ignored.
2019-10-05 14:20:46 [ThreadId 11] ERROR phoityne - "<file descriptor: 50>: hPutChar: resource vanished (Broken pipe)"
2019-10-05 14:20:46 [ThreadId 11] ERROR phoityne - [WARN] stepOut command is not supported. ignored.
2019-10-05 14:20:46 [ThreadId 11] ERROR phoityne - [WARN] stepOut command is not supported. ignored.
2019-10-05 14:20:46 [ThreadId 11] ERROR phoityne - [WARN] stepOut command is not supported. ignored.
2019-10-05 14:20:46 [ThreadId 11] ERROR phoityne - [WARN] stepOut command is not supported. ignored.
2019-10-05 14:20:46 [ThreadId 11] ERROR phoityne - [WARN] stepOut command is not supported. ignored.
2019-10-05 14:20:46 [ThreadId 11] ERROR phoityne - [disconnectRequestHandler] ghci quit error. <file descriptor: 50>: hPutChar: resource vanished (Broken pipe)
2019-10-05 14:25:19 [ThreadId 11] ERROR phoityne - [disconnectRequestHandler] ghci quit error. <file descriptor: 50>: hPutChar: resource vanished (Broken pipe)
2019-10-05 14:27:29 [ThreadId 11] ERROR phoityne - "\"extractSourcePosition\" (line 1, column 1):\nunexpected end of input\nexpecting \"Stopped at \" or \"Stopped in \" [INPUT]"
2019-10-05 14:27:29 [ThreadId 11] ERROR phoityne - [WARN] stepOut command is not supported. ignored.
2019-10-05 14:27:29 [ThreadId 11] ERROR phoityne - [WARN] stepOut command is not supported. ignored.
2019-10-05 14:27:29 [ThreadId 11] ERROR phoityne - "<file descriptor: 50>: hPutChar: resource vanished (Broken pipe)"
2019-10-05 14:27:29 [ThreadId 11] ERROR phoityne - "<file descriptor: 50>: hPutChar: resource vanished (Broken pipe)"
2019-10-05 14:27:29 [ThreadId 11] ERROR phoityne - "<file descriptor: 50>: hPutChar: resource vanished (Broken pipe)"
2019-10-05 14:27:29 [ThreadId 11] ERROR phoityne - "<file descriptor: 50>: hPutChar: resource vanished (Broken pipe)"
2019-10-05 14:27:29 [ThreadId 11] ERROR phoityne - "<file descriptor: 50>: hPutChar: resource vanished (Broken pipe)"
2019-10-05 14:27:29 [ThreadId 11] ERROR phoityne - [disconnectRequestHandler] ghci quit error. <file descriptor: 50>: hPutChar: resource vanished (Broken pipe)
2019-10-05 14:45:30 [ThreadId 11] ERROR phoityne - "\"extractSourcePosition\" (line 1, column 1):\nunexpected end of input\nexpecting \"Stopped at \" or \"Stopped in \" [INPUT]"
2019-10-05 14:45:30 [ThreadId 11] ERROR phoityne - "<file descriptor: 50>: hPutChar: resource vanished (Broken pipe)"
2019-10-05 14:45:30 [ThreadId 11] ERROR phoityne - "<file descriptor: 50>: hPutChar: resource vanished (Broken pipe)"
2019-10-05 14:45:30 [ThreadId 11] ERROR phoityne - "<file descriptor: 50>: hPutChar: resource vanished (Broken pipe)"
2019-10-05 14:45:30 [ThreadId 11] ERROR phoityne - "<file descriptor: 50>: hPutChar: resource vanished (Broken pipe)"
2019-10-05 14:45:30 [ThreadId 11] ERROR phoityne - "<file descriptor: 50>: hPutChar: resource vanished (Broken pipe)"
2019-10-05 14:45:30 [ThreadId 11] ERROR phoityne - "<file descriptor: 50>: hPutChar: resource vanished (Broken pipe)"
2019-10-05 14:45:30 [ThreadId 11] ERROR phoityne - "<file descriptor: 50>: hPutChar: resource vanished (Broken pipe)"
2019-10-05 14:45:30 [ThreadId 11] ERROR phoityne - "<file descriptor: 50>: hPutChar: resource vanished (Broken pipe)"
2019-10-05 14:45:30 [ThreadId 11] ERROR phoityne - "<file descriptor: 50>: hPutChar: resource vanished (Broken pipe)"
2019-10-05 14:45:30 [ThreadId 11] ERROR phoityne - "<file descriptor: 50>: hPutChar: resource vanished (Broken pipe)"
2019-10-05 14:45:30 [ThreadId 11] ERROR phoityne - "<file descriptor: 50>: hPutChar: resource vanished (Broken pipe)"
2019-10-05 14:45:30 [ThreadId 11] ERROR phoityne - "<file descriptor: 50>: hPutChar: resource vanished (Broken pipe)"
2019-10-05 14:45:30 [ThreadId 11] ERROR phoityne - "<file descriptor: 50>: hPutChar: resource vanished (Broken pipe)"
2019-10-05 14:45:30 [ThreadId 11] ERROR phoityne - "<file descriptor: 50>: hPutChar: resource vanished (Broken pipe)"
2019-10-05 14:45:30 [ThreadId 11] ERROR phoityne - "<file descriptor: 50>: hPutChar: resource vanished (Broken pipe)"
2019-10-05 14:45:30 [ThreadId 11] ERROR phoityne - "<file descriptor: 50>: hPutChar: resource vanished (Broken pipe)"
2019-10-05 14:45:30 [ThreadId 11] ERROR phoityne - "<file descriptor: 50>: hPutChar: resource vanished (Broken pipe)"
2019-10-05 14:45:30 [ThreadId 11] ERROR phoityne - "<file descriptor: 50>: hPutChar: resource vanished (Broken pipe)"
2019-10-05 14:45:30 [ThreadId 11] ERROR phoityne - "<file descriptor: 50>: hPutChar: resource vanished (Broken pipe)"
2019-10-05 14:45:30 [ThreadId 11] ERROR phoityne - "<file descriptor: 50>: hPutChar: resource vanished (Broken pipe)"
2019-10-05 14:45:30 [ThreadId 11] ERROR phoityne - [WARN] stepOut command is not supported. ignored.
2019-10-05 14:45:30 [ThreadId 11] ERROR phoityne - [WARN] stepOut command is not supported. ignored.
2019-10-05 14:45:30 [ThreadId 11] ERROR phoityne - [WARN] stepOut command is not supported. ignored.
2019-10-05 14:45:30 [ThreadId 11] ERROR phoityne - [WARN] stepOut command is not supported. ignored.
2019-10-05 14:45:30 [ThreadId 11] ERROR phoityne - [WARN] stepOut command is not supported. ignored.
2019-10-05 14:45:30 [ThreadId 11] ERROR phoityne - [disconnectRequestHandler] ghci quit error. <file descriptor: 50>: hPutChar: resource vanished (Broken pipe)
